c:\users\matthew\documents\visual studio 2017\projects\opencldirectx11\opencldirectx11\x64\release\vector3.obj
c:\users\matthew\documents\visual studio 2017\projects\opencldirectx11\opencldirectx11\x64\release\directx11.obj
c:\users\matthew\documents\visual studio 2017\projects\opencldirectx11\opencldirectx11\x64\release\main.obj
c:\users\matthew\documents\visual studio 2017\projects\opencldirectx11\opencldirectx11\x64\release\opencl20.obj
c:\users\matthew\documents\visual studio 2017\projects\opencldirectx11\opencldirectx11\x64\release\vc141.pdb
c:\users\matthew\documents\visual studio 2017\projects\opencldirectx11\x64\release\opencldirectx11.exe
c:\users\matthew\documents\visual studio 2017\projects\opencldirectx11\x64\release\opencldirectx11.pdb
c:\users\matthew\documents\visual studio 2017\projects\opencldirectx11\x64\release\opencldirectx11.ipdb
c:\users\matthew\documents\visual studio 2017\projects\opencldirectx11\x64\release\opencldirectx11.iobj
c:\users\matthew\documents\visual studio 2017\projects\opencldirectx11\opencldirectx11\x64\release\opencldirectx11.res
c:\users\matthew\documents\visual studio 2017\projects\opencldirectx11\opencldirectx11\x64\release\opencldirectx11.tlog\cl.command.1.tlog
c:\users\matthew\documents\visual studio 2017\projects\opencldirectx11\opencldirectx11\x64\release\opencldirectx11.tlog\cl.read.1.tlog
c:\users\matthew\documents\visual studio 2017\projects\opencldirectx11\opencldirectx11\x64\release\opencldirectx11.tlog\cl.write.1.tlog
c:\users\matthew\documents\visual studio 2017\projects\opencldirectx11\opencldirectx11\x64\release\opencldirectx11.tlog\link.command.1.tlog
c:\users\matthew\documents\visual studio 2017\projects\opencldirectx11\opencldirectx11\x64\release\opencldirectx11.tlog\link.read.1.tlog
c:\users\matthew\documents\visual studio 2017\projects\opencldirectx11\opencldirectx11\x64\release\opencldirectx11.tlog\link.write.1.tlog
c:\users\matthew\documents\visual studio 2017\projects\opencldirectx11\opencldirectx11\x64\release\opencldirectx11.tlog\opencldirectx11.write.1u.tlog
c:\users\matthew\documents\visual studio 2017\projects\opencldirectx11\opencldirectx11\x64\release\opencldirectx11.tlog\rc.command.1.tlog
c:\users\matthew\documents\visual studio 2017\projects\opencldirectx11\opencldirectx11\x64\release\opencldirectx11.tlog\rc.read.1.tlog
c:\users\matthew\documents\visual studio 2017\projects\opencldirectx11\opencldirectx11\x64\release\opencldirectx11.tlog\rc.write.1.tlog
